0 info it worked if it ends with ok
1 verbose cli [ 'C:\\Program Files (x86)\\nodejs\\\\node.exe',
1 verbose cli   'C:\\Program Files (x86)\\nodejs\\node_modules\\npm\\bin\\npm-cli.js',
1 verbose cli   'publish' ]
2 info using npm@1.4.28
3 info using node@v0.10.33
4 verbose node symlink C:\Program Files (x86)\nodejs\\node.exe
5 verbose publish [ '.' ]
6 verbose cache add [ '.', null ]
7 verbose cache add name=undefined spec="." args=[".",null]
8 verbose parsed url { protocol: null,
8 verbose parsed url   slashes: null,
8 verbose parsed url   auth: null,
8 verbose parsed url   host: null,
8 verbose parsed url   port: null,
8 verbose parsed url   hostname: null,
8 verbose parsed url   hash: null,
8 verbose parsed url   search: null,
8 verbose parsed url   query: null,
8 verbose parsed url   pathname: '.',
8 verbose parsed url   path: '.',
8 verbose parsed url   href: '.' }
9 silly lockFile 3a52ce78- .
10 verbose lock . C:\Users\NSA-PC\AppData\Roaming\npm-cache\3a52ce78-.lock
11 verbose tar pack [ 'C:\\Users\\NSA-PC\\AppData\\Roaming\\npm-cache\\invoice-compiler\\0.2.2\\package.tgz',
11 verbose tar pack   '.' ]
12 verbose tarball C:\Users\NSA-PC\AppData\Roaming\npm-cache\invoice-compiler\0.2.2\package.tgz
13 verbose folder .
14 info prepublish invoice-compiler@0.2.2
15 silly lockFile 1f1177db-tar tar://.
16 verbose lock tar://. C:\Users\NSA-PC\AppData\Roaming\npm-cache\1f1177db-tar.lock
17 silly lockFile 0d50d60a-voice-compiler-0-2-2-package-tgz tar://C:\Users\NSA-PC\AppData\Roaming\npm-cache\invoice-compiler\0.2.2\package.tgz
18 verbose lock tar://C:\Users\NSA-PC\AppData\Roaming\npm-cache\invoice-compiler\0.2.2\package.tgz C:\Users\NSA-PC\AppData\Roaming\npm-cache\0d50d60a-voice-compiler-0-2-2-package-tgz.lock
19 silly lockFile 1f1177db-tar tar://.
20 silly lockFile 1f1177db-tar tar://.
21 silly lockFile 0d50d60a-voice-compiler-0-2-2-package-tgz tar://C:\Users\NSA-PC\AppData\Roaming\npm-cache\invoice-compiler\0.2.2\package.tgz
22 silly lockFile 0d50d60a-voice-compiler-0-2-2-package-tgz tar://C:\Users\NSA-PC\AppData\Roaming\npm-cache\invoice-compiler\0.2.2\package.tgz
23 silly lockFile f5c4ba17-e-invoice-compiler-0-2-2-package C:\Users\NSA-PC\AppData\Roaming\npm-cache\invoice-compiler\0.2.2\package
24 verbose lock C:\Users\NSA-PC\AppData\Roaming\npm-cache\invoice-compiler\0.2.2\package C:\Users\NSA-PC\AppData\Roaming\npm-cache\f5c4ba17-e-invoice-compiler-0-2-2-package.lock
25 silly lockFile f5c4ba17-e-invoice-compiler-0-2-2-package C:\Users\NSA-PC\AppData\Roaming\npm-cache\invoice-compiler\0.2.2\package
26 silly lockFile f5c4ba17-e-invoice-compiler-0-2-2-package C:\Users\NSA-PC\AppData\Roaming\npm-cache\invoice-compiler\0.2.2\package
27 silly lockFile 3a52ce78- .
28 silly lockFile 3a52ce78- .
29 silly publish { name: 'invoice-compiler',
29 silly publish   version: '0.2.2',
29 silly publish   description: 'Generate invoices from YAML files using wkhtmltopdf.',
29 silly publish   main: 'index.coffee',
29 silly publish   author: { name: 'Norman Rzepka', email: 'norman.rzepka@scm.io' },
29 silly publish   license: 'MIT',
29 silly publish   repository:
29 silly publish    { type: 'git',
29 silly publish      url: 'git://github.com/scalableminds/invoice-compiler.git' },
29 silly publish   homepage: 'http://scm.io/',
29 silly publish   bugs: { url: 'https://github.com/scalableminds/invoice-compiler/issues' },
29 silly publish   engines: { node: '>=0.10.0' },
29 silly publish   dependencies:
29 silly publish    { 'coffee-script': '^1.8.0',
29 silly publish      handlebars: '^2.0.0',
29 silly publish      'js-yaml': '^3.0.2',
29 silly publish      lodash: '^2.4.1',
29 silly publish      mkdirp: '^0.5.0',
29 silly publish      moment: '^2.7.0',
29 silly publish      numeral: '^1.5.3',
29 silly publish      wkhtmltopdf: '^0.1.5' },
29 silly publish   bin: { invoice: './bin/invoice' },
29 silly publish   gitHead: '3a0d0d3b37008d3e0c055e6282589abb83a1a82e',
29 silly publish   readme: '# invoice-compiler\r\nGenerate invoices from YAML files using [wkhtmltopdf](http://wkhtmltopdf.org/).\r\n\r\n## Install\r\n```bash\r\nnpm install -g invoice-compiler\r\n```\r\n\r\n## Usage\r\n```bash\r\ninvoice invoice.yml\r\n# Outputs invoice.pdf\r\n```\r\n\r\nSee `samples` directory for [an annotated sample](https://github.com/scalableminds/invoice-compiler/blob/master/samples/42.yml).\r\n\r\n\r\n## Dependencies\r\n* node & npm\r\n* [wkhtmltopdf](https://github.com/devongovett/node-wkhtmltopdf#installation)\r\n* [Open Sans](http://www.fontsquirrel.com/fonts/open-sans) font\r\n\r\n\r\n## Credits\r\nThe default template is based on a LaTeX class by Patrick Lühne, [http://www.luehne.de/](http://www.luehne.de/).\r\n\r\n## License\r\nMIT &copy; scalable minds 2014',
29 silly publish   readmeFilename: 'readme.md',
29 silly publish   _id: 'invoice-compiler@0.2.2',
29 silly publish   scripts: {},
29 silly publish   _shasum: '5e7358e0073a10d73c39ca74c73d690e3db42e4b',
29 silly publish   _from: '.' }
30 verbose request where is /invoice-compiler
31 verbose request registry https://registry.npmjs.org/
32 verbose request id dbeefc4225ac8332
33 verbose url raw /invoice-compiler
34 verbose url resolving [ 'https://registry.npmjs.org/', './invoice-compiler' ]
35 verbose url resolved https://registry.npmjs.org/invoice-compiler
36 verbose request where is https://registry.npmjs.org/invoice-compiler
37 info trying registry request attempt 1 at 16:19:25
38 http PUT https://registry.npmjs.org/invoice-compiler
39 http 403 https://registry.npmjs.org/invoice-compiler
40 verbose headers { 'content-type': 'application/json',
40 verbose headers   'cache-control': 'max-age=60',
40 verbose headers   'content-length': '108',
40 verbose headers   'accept-ranges': 'bytes',
40 verbose headers   date: 'Tue, 29 Sep 2015 14:19:25 GMT',
40 verbose headers   via: '1.1 varnish',
40 verbose headers   connection: 'keep-alive',
40 verbose headers   'x-served-by': 'cache-ams4140-AMS',
40 verbose headers   'x-cache': 'MISS',
40 verbose headers   'x-cache-hits': '0',
40 verbose headers   'x-timer': 'S1443536363.696497,VS0,VE1400' }
41 error publish Failed PUT 403
42 error Error: You do not have permission to publish 'invoice-compiler'. Are you logged in as the correct user? : invoice-compiler
42 error     at RegClient.<anonymous> (C:\Program Files (x86)\nodejs\node_modules\npm\node_modules\npm-registry-client\lib\request.js:308:14)
42 error     at Request._callback (C:\Program Files (x86)\nodejs\node_modules\npm\node_modules\npm-registry-client\lib\request.js:246:65)
42 error     at Request.self.callback (C:\Program Files (x86)\nodejs\node_modules\npm\node_modules\request\request.js:236:22)
42 error     at Request.emit (events.js:98:17)
42 error     at Request.<anonymous> (C:\Program Files (x86)\nodejs\node_modules\npm\node_modules\request\request.js:1142:14)
42 error     at Request.emit (events.js:117:20)
42 error     at IncomingMessage.<anonymous> (C:\Program Files (x86)\nodejs\node_modules\npm\node_modules\request\request.js:1096:12)
42 error     at IncomingMessage.emit (events.js:117:20)
42 error     at _stream_readable.js:943:16
42 error     at process._tickCallback (node.js:419:13)
43 error If you need help, you may report this *entire* log,
43 error including the npm and node versions, at:
43 error     <http://github.com/npm/npm/issues>
44 error System Windows_NT 6.1.7601
45 error command "C:\\Program Files (x86)\\nodejs\\\\node.exe" "C:\\Program Files (x86)\\nodejs\\node_modules\\npm\\bin\\npm-cli.js" "publish"
46 error cwd C:\Users\NSA-PC\AppData\Local\Temp\compiler\report-compiler
47 error node -v v0.10.33
48 error npm -v 1.4.28
49 verbose exit [ 1, true ]
